Flutter crash report.
Please report a bug at https://github.com/flutter/flutter/issues.

## command

flutter run --machine --start-paused -d chrome --devtools-server-address http://127.0.0.1:9100/ --target E:\Flutter\hotel_booking_app\lib\main.dart

## exception

StateError: Bad state: No running isolate (inspector is not set).

```
#0      ChromeProxyService.inspector (package:dwds/src/services/chrome_proxy_service.dart:79:7)
#1      _waitForResumeEventToRunMain.<anonymous closure> (package:dwds/src/dwds_vm_client.dart:464:30)
#2      _rootRunUnary (dart:async/zone.dart:1546:13)
#3      _CustomZone.runUnary (dart:async/zone.dart:1429:19)
#4      _CustomZone.runUnaryGuarded (dart:async/zone.dart:1329:7)
#5      _BufferingStreamSubscription._sendData (dart:async/stream_impl.dart:381:11)
#6      _DelayedData.perform (dart:async/stream_impl.dart:573:14)
#7      _PendingEvents.handleNext (dart:async/stream_impl.dart:678:11)
#8      _PendingEvents.schedule.<anonymous closure> (dart:async/stream_impl.dart:649:7)
#9      StackZoneSpecification._run (package:stack_trace/src/stack_zone_specification.dart:207:15)
#10     StackZoneSpecification._registerCallback.<anonymous closure> (package:stack_trace/src/stack_zone_specification.dart:114:48)
#11     _rootRun (dart:async/zone.dart:1517:47)
#12     _CustomZone.run (dart:async/zone.dart:1422:19)
#13     _CustomZone.runGuarded (dart:async/zone.dart:1321:7)
#14     _CustomZone.bindCallbackGuarded.<anonymous closure> (dart:async/zone.dart:1362:23)
#15     StackZoneSpecification._run (package:stack_trace/src/stack_zone_specification.dart:207:15)
#16     StackZoneSpecification._registerCallback.<anonymous closure> (package:stack_trace/src/stack_zone_specification.dart:114:48)
#17     _rootRun (dart:async/zone.dart:1525:13)
#18     _CustomZone.run (dart:async/zone.dart:1422:19)
#19     _CustomZone.runGuarded (dart:async/zone.dart:1321:7)
#20     _CustomZone.bindCallbackGuarded.<anonymous closure> (dart:async/zone.dart:1362:23)
#21     _microtaskLoop (dart:async/schedule_microtask.dart:40:21)
#22     _startMicrotaskLoop (dart:async/schedule_microtask.dart:49:5)
#23     _runPendingImmediateCallback (dart:isolate-patch/isolate_patch.dart:128:13)
#24     _RawReceivePort._handleMessage (dart:isolate-patch/isolate_patch.dart:195:5)
```

## flutter doctor

```
[✓] Flutter (Channel stable, 3.29.0, on Microsoft Windows [Version 10.0.22631.5624], locale vi-VN) [1.487ms]
    • Flutter version 3.29.0 on channel stable at E:\Downloads\flutter
    • Upstream repository https://github.com/flutter/flutter.git
    • Framework revision 35c388afb5 (6 months ago), 2025-02-10 12:48:41 -0800
    • Engine revision f73bfc4522
    • Dart version 3.7.0
    • DevTools version 2.42.2

[✓] Windows Version (11 Home Single Language 64-bit, 23H2, 2009) [4,9s]

[✓] Android toolchain - develop for Android devices (Android SDK version 35.0.1) [7,3s]
    • Android SDK at D:\Android\Sdk
    • Platform android-35, build-tools 35.0.1
    • ANDROID_SDK_ROOT = D:\Android\Sdk
    • Java binary at: C:\Program Files\Java\jdk-17\bin\java
      This JDK is specified in your Flutter configuration.
      To change the current JDK, run: `flutter config --jdk-dir="path/to/jdk"`.
    • Java version Java(TM) SE Runtime Environment (build 17.0.11+7-LTS-207)
    • All Android licenses accepted.

[✓] Chrome - develop for the web [785ms]
    • Chrome at C:\Program Files\Google\Chrome\Application\chrome.exe

[✗] Visual Studio - develop Windows apps [784ms]
    ✗ Visual Studio not installed; this is necessary to develop Windows apps.
      Download at https://visualstudio.microsoft.com/downloads/.
      Please install the "Desktop development with C++" workload, including all of its default components

[✓] Android Studio (version 2023.1) [12ms]
    • Android Studio at D:\AndroidStudio
    • Flutter plugin can be installed from:
      🔨 https://plugins.jetbrains.com/plugin/9212-flutter
    • Dart plugin can be installed from:
      🔨 https://plugins.jetbrains.com/plugin/6351-dart
    • Java version OpenJDK Runtime Environment (build 17.0.9+0--11255266)

[✓] IntelliJ IDEA Community Edition (version 2023.3) [9ms]
    • IntelliJ at C:\Program Files\JetBrains\IntelliJ IDEA Community Edition 2023.3.2
    • Flutter plugin can be installed from:
      🔨 https://plugins.jetbrains.com/plugin/9212-flutter
    • Dart plugin can be installed from:
      🔨 https://plugins.jetbrains.com/plugin/6351-dart

[✓] VS Code (version 1.103.1) [8ms]
    • VS Code at C:\Users\lapto\AppData\Local\Programs\Microsoft VS Code
    • Flutter extension version 3.116.0

[✓] Connected device (3 available) [211ms]
    • Windows (desktop) • windows • windows-x64    • Microsoft Windows [Version 10.0.22631.5624]
    • Chrome (web)      • chrome  • web-javascript • Google Chrome 139.0.7258.68
    • Edge (web)        • edge    • web-javascript • Microsoft Edge 139.0.3405.86

[✓] Network resources [463ms]
    • All expected network resources are available.

! Doctor found issues in 1 category.
```
