Flutter crash report.
Please report a bug at https://github.com/flutter/flutter/issues.

## command

flutter run --machine --start-paused -d chrome --devtools-server-address http://127.0.0.1:9100/ --target E:\Flutter\hotel_booking_app\lib\main.dart

## exception

StateError: Bad state: E:\Downloads\flutter\bin\cache\dart-sdk\bin\dart pub --suppress-analytics deps --json failed
Could not find a file named "pubspec.yaml" in "C:\Users\lapto\AppData\Local\Pub\Cache\hosted\pub.dev\_flutterfire_internals-1.3.60".


```
#0      _DefaultPub.deps.fail (package:flutter_tools/src/dart/pub.dart:379:7)
#1      _DefaultPub.deps (package:flutter_tools/src/dart/pub.dart:387:7)
<asynchronous suspension>
#2      computeExclusiveDevDependencies (package:flutter_tools/src/compute_dev_dependencies.dart:21:43)
<asynchronous suspension>
#3      findPlugins (package:flutter_tools/src/flutter_plugins.dart:110:23)
<asynchronous suspension>
#4      refreshPluginsList (package:flutter_tools/src/flutter_plugins.dart:1137:32)
<asynchronous suspension>
#5      FlutterProject.ensureReadyForPlatformSpecificTooling (package:flutter_tools/src/project.dart:368:5)
<asynchronous suspension>
#6      FlutterCommand.verifyThenRunCommand (package:flutter_tools/src/runner/flutter_command.dart:1910:7)
<asynchronous suspension>
#7      FlutterCommand.run.<anonymous closure> (package:flutter_tools/src/runner/flutter_command.dart:1558:27)
<asynchronous suspension>
#8      AppContext.run.<anonymous closure> (package:flutter_tools/src/base/context.dart:154:19)
<asynchronous suspension>
#9      CommandRunner.runCommand (package:args/command_runner.dart:212:13)
<asynchronous suspension>
#10     FlutterCommandRunner.runCommand.<anonymous closure> (package:flutter_tools/src/runner/flutter_command_runner.dart:496:9)
<asynchronous suspension>
#11     AppContext.run.<anonymous closure> (package:flutter_tools/src/base/context.dart:154:19)
<asynchronous suspension>
#12     FlutterCommandRunner.runCommand (package:flutter_tools/src/runner/flutter_command_runner.dart:431:5)
<asynchronous suspension>
#13     run.<anonymous closure>.<anonymous closure> (package:flutter_tools/runner.dart:98:11)
<asynchronous suspension>
#14     AppContext.run.<anonymous closure> (package:flutter_tools/src/base/context.dart:154:19)
<asynchronous suspension>
#15     main (package:flutter_tools/executable.dart:99:3)
<asynchronous suspension>
```

## flutter doctor

```
[✓] Flutter (Channel stable, 3.29.0, on Microsoft Windows [Version 10.0.22631.5624], locale vi-VN) [649ms]
    • Flutter version 3.29.0 on channel stable at E:\Downloads\flutter
    • Upstream repository https://github.com/flutter/flutter.git
    • Framework revision 35c388afb5 (6 months ago), 2025-02-10 12:48:41 -0800
    • Engine revision f73bfc4522
    • Dart version 3.7.0
    • DevTools version 2.42.2

[✓] Windows Version (11 Home Single Language 64-bit, 23H2, 2009) [3,7s]

[✓] Android toolchain - develop for Android devices (Android SDK version 35.0.1) [2,8s]
    • Android SDK at D:\Android\Sdk
    • Platform android-35, build-tools 35.0.1
    • ANDROID_SDK_ROOT = D:\Android\Sdk
    • Java binary at: C:\Program Files\Java\jdk-17\bin\java
      This JDK is specified in your Flutter configuration.
      To change the current JDK, run: `flutter config --jdk-dir="path/to/jdk"`.
    • Java version Java(TM) SE Runtime Environment (build 17.0.11+7-LTS-207)
    • All Android licenses accepted.

[✓] Chrome - develop for the web [308ms]
    • Chrome at C:\Program Files\Google\Chrome\Application\chrome.exe

[✗] Visual Studio - develop Windows apps [307ms]
    ✗ Visual Studio not installed; this is necessary to develop Windows apps.
      Download at https://visualstudio.microsoft.com/downloads/.
      Please install the "Desktop development with C++" workload, including all of its default components

[✓] Android Studio (version 2023.1) [10ms]
    • Android Studio at D:\AndroidStudio
    • Flutter plugin can be installed from:
      🔨 https://plugins.jetbrains.com/plugin/9212-flutter
    • Dart plugin can be installed from:
      🔨 https://plugins.jetbrains.com/plugin/6351-dart
    • Java version OpenJDK Runtime Environment (build 17.0.9+0--11255266)

[✓] IntelliJ IDEA Community Edition (version 2023.3) [7ms]
    • IntelliJ at C:\Program Files\JetBrains\IntelliJ IDEA Community Edition 2023.3.2
    • Flutter plugin can be installed from:
      🔨 https://plugins.jetbrains.com/plugin/9212-flutter
    • Dart plugin can be installed from:
      🔨 https://plugins.jetbrains.com/plugin/6351-dart

[✓] VS Code (version 1.103.0) [6ms]
    • VS Code at C:\Users\lapto\AppData\Local\Programs\Microsoft VS Code
    • Flutter extension version 3.116.0

[✓] Connected device (3 available) [223ms]
    • Windows (desktop) • windows • windows-x64    • Microsoft Windows [Version 10.0.22631.5624]
    • Chrome (web)      • chrome  • web-javascript • Google Chrome 138.0.7204.185
    • Edge (web)        • edge    • web-javascript • Microsoft Edge 138.0.3351.121

[✓] Network resources [405ms]
    • All expected network resources are available.

! Doctor found issues in 1 category.
```
